<?xml version="1.0" encoding="UTF-8"?>
<testng-results ignored="0" total="3" passed="2" failed="1" skipped="0">
  <reporter-output>
    <line>
      <![CDATA[Moved to Accounts and List...]]>
    </line>
    <line>
      <![CDATA[Clicked on Sign In button...]]>
    </line>
    <line>
      <![CDATA[Mobile number entered...]]>
    </line>
    <line>
      <![CDATA[Clicked on Continue button...]]>
    </line>
    <line>
      <![CDATA[Password entered...]]>
    </line>
    <line>
      <![CDATA[Clicked on Sign In button...]]>
    </line>
    <line>
      <![CDATA[Moved to Accounts and List...]]>
    </line>
    <line>
      <![CDATA[Clicked on Sign Out button...]]>
    </line>
    <line>
      <![CDATA[Moved to Accounts and List...]]>
    </line>
    <line>
      <![CDATA[Clicked on Sign In button...]]>
    </line>
    <line>
      <![CDATA[Mobile number entered...]]>
    </line>
    <line>
      <![CDATA[Clicked on Continue button...]]>
    </line>
    <line>
      <![CDATA[Password entered...]]>
    </line>
    <line>
      <![CDATA[Clicked on Sign In button...]]>
    </line>
    <line>
      <![CDATA[Searched for product xiaomi...]]>
    </line>
    <line>
      <![CDATA[Clicked on 1st product from search result...]]>
    </line>
    <line>
      <![CDATA[Clicked on Add To Wish List button...]]>
    </line>
    <line>
      <![CDATA[Pop-up closed...]]>
    </line>
    <line>
      <![CDATA[Moved to Accounts and List...]]>
    </line>
    <line>
      <![CDATA[Clicked on Your Wish List button...]]>
    </line>
    <line>
      <![CDATA[Product added to the cart...]]>
    </line>
    <line>
      <![CDATA[Clicked on Cart Icon...]]>
    </line>
    <line>
      <![CDATA[Product deleted from the cart...]]>
    </line>
    <line>
      <![CDATA[Moved to Accounts and List...]]>
    </line>
    <line>
      <![CDATA[Clicked on Sign In button...]]>
    </line>
    <line>
      <![CDATA[Mobile number entered...]]>
    </line>
    <line>
      <![CDATA[Clicked on Continue button...]]>
    </line>
    <line>
      <![CDATA[Password entered...]]>
    </line>
    <line>
      <![CDATA[Clicked on Sign In button...]]>
    </line>
    <line>
      <![CDATA[Searched for product xiaomi...]]>
    </line>
    <line>
      <![CDATA[Clicked on 1st product from search result...]]>
    </line>
    <line>
      <![CDATA[Clicked on Proceed To Buy button...]]>
    </line>
    <line>
      <![CDATA[Clicked on the Card Radio Button...]]>
    </line>
    <line>
      <![CDATA[Clicked on the Add New Card Link...]]>
    </line>
  </reporter-output>
  <suite started-at="2025-09-19T21:03:16 IST" name="Amazon Suite" finished-at="2025-09-19T21:06:16 IST" duration-ms="180499">
    <groups>
    </groups>
    <test started-at="2025-09-19T21:03:16 IST" name="Amazon Login-Logout" finished-at="2025-09-19T21:03:56 IST" duration-ms="40012">
      <class name="com.demo.amazon.ProjectAmazon.AmzLoginAndLogout">
        <test-method is-config="true" signature="launchBrowser()[pri:0, instance:com.demo.amazon.ProjectAmazon.AmzLoginAndLogout@402bba4f]" started-at="2025-09-19T21:03:16 IST" name="launchBrowser" finished-at="2025-09-19T21:03:39 IST" duration-ms="23124" status="PASS">
          <reporter-output>
          </reporter-output>
        </test-method> <!-- launchBrowser -->
        <test-method signature="performLoginAndLogout()[pri:0, instance:com.demo.amazon.ProjectAmazon.AmzLoginAndLogout@402bba4f]" started-at="2025-09-19T21:03:39 IST" name="performLoginAndLogout" finished-at="2025-09-19T21:03:55 IST" duration-ms="16158" status="PASS">
          <reporter-output>
            <line>
              <![CDATA[Moved to Accounts and List...]]>
            </line>
            <line>
              <![CDATA[Clicked on Sign In button...]]>
            </line>
            <line>
              <![CDATA[Mobile number entered...]]>
            </line>
            <line>
              <![CDATA[Clicked on Continue button...]]>
            </line>
            <line>
              <![CDATA[Password entered...]]>
            </line>
            <line>
              <![CDATA[Clicked on Sign In button...]]>
            </line>
            <line>
              <![CDATA[Moved to Accounts and List...]]>
            </line>
            <line>
              <![CDATA[Clicked on Sign Out button...]]>
            </line>
          </reporter-output>
        </test-method> <!-- performLoginAndLogout -->
        <test-method is-config="true" signature="tearDown()[pri:0, instance:com.demo.amazon.ProjectAmazon.AmzLoginAndLogout@402bba4f]" started-at="2025-09-19T21:03:55 IST" name="tearDown" finished-at="2025-09-19T21:03:56 IST" duration-ms="578" status="PASS">
          <reporter-output>
          </reporter-output>
        </test-method> <!-- tearDown -->
      </class> <!-- com.demo.amazon.ProjectAmazon.AmzLoginAndLogout -->
    </test> <!-- Amazon Login-Logout -->
    <test started-at="2025-09-19T21:03:56 IST" name="Amazon AddToWishList-AddToCart" finished-at="2025-09-19T21:05:03 IST" duration-ms="67501">
      <class name="com.demo.amazon.ProjectAmazon.AmzWishListToAddToCart">
        <test-method is-config="true" signature="launchBrowser()[pri:0, instance:com.demo.amazon.ProjectAmazon.AmzWishListToAddToCart@52bf72b5]" started-at="2025-09-19T21:03:56 IST" name="launchBrowser" finished-at="2025-09-19T21:04:05 IST" duration-ms="9525" status="PASS">
          <reporter-output>
          </reporter-output>
        </test-method> <!-- launchBrowser -->
        <test-method signature="fromAddToWishListToAddToCart()[pri:0, instance:com.demo.amazon.ProjectAmazon.AmzWishListToAddToCart@52bf72b5]" started-at="2025-09-19T21:04:05 IST" name="fromAddToWishListToAddToCart" finished-at="2025-09-19T21:05:03 IST" duration-ms="57349" status="PASS">
          <reporter-output>
            <line>
              <![CDATA[Moved to Accounts and List...]]>
            </line>
            <line>
              <![CDATA[Clicked on Sign In button...]]>
            </line>
            <line>
              <![CDATA[Mobile number entered...]]>
            </line>
            <line>
              <![CDATA[Clicked on Continue button...]]>
            </line>
            <line>
              <![CDATA[Password entered...]]>
            </line>
            <line>
              <![CDATA[Clicked on Sign In button...]]>
            </line>
            <line>
              <![CDATA[Searched for product xiaomi...]]>
            </line>
            <line>
              <![CDATA[Clicked on 1st product from search result...]]>
            </line>
            <line>
              <![CDATA[Clicked on Add To Wish List button...]]>
            </line>
            <line>
              <![CDATA[Pop-up closed...]]>
            </line>
            <line>
              <![CDATA[Moved to Accounts and List...]]>
            </line>
            <line>
              <![CDATA[Clicked on Your Wish List button...]]>
            </line>
            <line>
              <![CDATA[Product added to the cart...]]>
            </line>
            <line>
              <![CDATA[Clicked on Cart Icon...]]>
            </line>
            <line>
              <![CDATA[Product deleted from the cart...]]>
            </line>
          </reporter-output>
        </test-method> <!-- fromAddToWishListToAddToCart -->
        <test-method is-config="true" signature="tearDown()[pri:0, instance:com.demo.amazon.ProjectAmazon.AmzWishListToAddToCart@52bf72b5]" started-at="2025-09-19T21:05:03 IST" name="tearDown" finished-at="2025-09-19T21:05:03 IST" duration-ms="620" status="PASS">
          <reporter-output>
          </reporter-output>
        </test-method> <!-- tearDown -->
      </class> <!-- com.demo.amazon.ProjectAmazon.AmzWishListToAddToCart -->
    </test> <!-- Amazon AddToWishList-AddToCart -->
    <test started-at="2025-09-19T21:05:03 IST" name="Amazon AddToCart-Checkout" finished-at="2025-09-19T21:06:16 IST" duration-ms="72904">
      <class name="com.demo.amazon.ProjectAmazon.AmzAddToCartToPayment">
        <test-method is-config="true" signature="launchBrowser()[pri:0, instance:com.demo.amazon.ProjectAmazon.AmzAddToCartToPayment@dd8ba08]" started-at="2025-09-19T21:05:03 IST" name="launchBrowser" finished-at="2025-09-19T21:05:10 IST" duration-ms="7314" status="PASS">
          <reporter-output>
          </reporter-output>
        </test-method> <!-- launchBrowser -->
        <test-method signature="verifyCheckoutProcess()[pri:0, instance:com.demo.amazon.ProjectAmazon.AmzAddToCartToPayment@dd8ba08]" started-at="2025-09-19T21:05:10 IST" name="verifyCheckoutProcess" finished-at="2025-09-19T21:06:15 IST" duration-ms="65004" status="FAIL">
          <exception class="org.openqa.selenium.TimeoutException">
            <message>
              <![CDATA[Expected condition failed: waiting for frame to be available: Proxy element for: DefaultElementLocator 'By.xpath: (//div[@class='a-fixed-left-grid-col a-col-right'])[5]/child::iframe' (tried for 10 second(s) with 500 milliseconds interval)]]>
            </message>
            <full-stacktrace>
              <![CDATA[org.openqa.selenium.TimeoutException: Expected condition failed: waiting for frame to be available: Proxy element for: DefaultElementLocator 'By.xpath: (//div[@class='a-fixed-left-grid-col a-col-right'])[5]/child::iframe' (tried for 10 second(s) with 500 milliseconds interval)
at org.openqa.selenium.support.ui.WebDriverWait.timeoutException(WebDriverWait.java:84)
at org.openqa.selenium.support.ui.FluentWait.until(FluentWait.java:228)
at com.demo.amazon.ProjectAmazon.PaymentDetailsPage.enterCreditCardNumber(PaymentDetailsPage.java:41)
at com.demo.amazon.ProjectAmazon.AmzAddToCartToPayment.verifyCheckoutProcess(AmzAddToCartToPayment.java:70)
at java.base/jdk.internal.reflect.DirectMethodHandleAccessor.invoke(DirectMethodHandleAccessor.java:103)
at java.base/java.lang.reflect.Method.invoke(Method.java:580)
at org.testng.internal.invokers.MethodInvocationHelper.invokeMethod(MethodInvocationHelper.java:141)
at org.testng.internal.invokers.TestInvoker.invokeMethod(TestInvoker.java:686)
at org.testng.internal.invokers.TestInvoker.invokeTestMethod(TestInvoker.java:230)
at org.testng.internal.invokers.MethodRunner.runInSequence(MethodRunner.java:63)
at org.testng.internal.invokers.TestInvoker$MethodInvocationAgent.invoke(TestInvoker.java:992)
at org.testng.internal.invokers.TestInvoker.invokeTestMethods(TestInvoker.java:203)
at org.testng.internal.invokers.TestMethodWorker.invokeTestMethods(TestMethodWorker.java:154)
at org.testng.internal.invokers.TestMethodWorker.run(TestMethodWorker.java:134)
at java.base/java.util.ArrayList.forEach(ArrayList.java:1596)
at org.testng.TestRunner.privateRun(TestRunner.java:739)
at org.testng.TestRunner.run(TestRunner.java:614)
at org.testng.SuiteRunner.runTest(SuiteRunner.java:421)
at org.testng.SuiteRunner.runSequentially(SuiteRunner.java:413)
at org.testng.SuiteRunner.privateRun(SuiteRunner.java:373)
at org.testng.SuiteRunner.run(SuiteRunner.java:312)
at org.testng.SuiteRunnerWorker.runSuite(SuiteRunnerWorker.java:52)
at org.testng.SuiteRunnerWorker.run(SuiteRunnerWorker.java:95)
at org.testng.TestNG.runSuitesSequentially(TestNG.java:1274)
at org.testng.TestNG.runSuitesLocally(TestNG.java:1208)
at org.testng.TestNG.runSuites(TestNG.java:1112)
at org.testng.TestNG.run(TestNG.java:1079)
at org.apache.maven.surefire.testng.TestNGExecutor.run(TestNGExecutor.java:308)
at org.apache.maven.surefire.testng.TestNGXmlTestSuite.execute(TestNGXmlTestSuite.java:71)
at org.apache.maven.surefire.testng.TestNGProvider.invoke(TestNGProvider.java:113)
at org.apache.maven.surefire.booter.ForkedBooter.runSuitesInProcess(ForkedBooter.java:385)
at org.apache.maven.surefire.booter.ForkedBooter.execute(ForkedBooter.java:162)
at org.apache.maven.surefire.booter.ForkedBooter.run(ForkedBooter.java:507)
at org.apache.maven.surefire.booter.ForkedBooter.main(ForkedBooter.java:495)
Caused by: org.openqa.selenium.NoSuchElementException: no such element: Unable to locate element: {"method":"xpath","selector":"(//div[@class='a-fixed-left-grid-col a-col-right'])[5]/child::iframe"}
  (Session info: chrome=140.0.7339.185)
For documentation on this error, please visit: https://www.selenium.dev/documentation/webdriver/troubleshooting/errors#no-such-element-exception
Build info: version: '4.34.0', revision: '707dcb4246*'
System info: os.name: 'Windows 10', os.arch: 'amd64', os.version: '10.0', java.version: '21.0.3'
Driver info: org.openqa.selenium.chrome.ChromeDriver
Command: [1672fd72b5f285ec6b661b958b423577, findElement {value=(//div[@class='a-fixed-left-grid-col a-col-right'])[5]/child::iframe, using=xpath}]
Capabilities {acceptInsecureCerts: false, browserName: chrome, browserVersion: 140.0.7339.185, chrome: {chromedriverVersion: 140.0.7339.185 (eeea00e459e..., userDataDir: C:\Users\admin\AppData\Loca...}, fedcm:accounts: true, goog:chromeOptions: {debuggerAddress: localhost:59806}, networkConnectionEnabled: false, pageLoadStrategy: normal, platformName: windows, proxy: Proxy(), se:cdp: ws://localhost:59806/devtoo..., se:cdpVersion: 140.0.7339.185, setWindowRect: true, strictFileInteractability: false, timeouts: {implicit: 0, pageLoad: 300000, script: 30000}, unhandledPromptBehavior: dismiss and notify, webauthn:extension:credBlob: true, webauthn:extension:largeBlob: true, webauthn:extension:minPinLength: true, webauthn:extension:prf: true, webauthn:virtualAuthenticators: true}
Session ID: 1672fd72b5f285ec6b661b958b423577
at java.base/jdk.internal.reflect.DirectConstructorHandleAccessor.newInstance(DirectConstructorHandleAccessor.java:62)
at java.base/java.lang.reflect.Constructor.newInstanceWithCaller(Constructor.java:502)
at java.base/java.lang.reflect.Constructor.newInstance(Constructor.java:486)
at org.openqa.selenium.remote.ErrorCodec.decode(ErrorCodec.java:167)
at org.openqa.selenium.remote.codec.w3c.W3CHttpResponseCodec.decode(W3CHttpResponseCodec.java:138)
at org.openqa.selenium.remote.codec.w3c.W3CHttpResponseCodec.decode(W3CHttpResponseCodec.java:50)
at org.openqa.selenium.remote.HttpCommandExecutor.execute(HttpCommandExecutor.java:215)
at org.openqa.selenium.remote.service.DriverCommandExecutor.invokeExecute(DriverCommandExecutor.java:216)
at org.openqa.selenium.remote.service.DriverCommandExecutor.execute(DriverCommandExecutor.java:174)
at org.openqa.selenium.remote.RemoteWebDriver.execute(RemoteWebDriver.java:544)
at org.openqa.selenium.remote.ElementLocation$ElementFinder$2.findElement(ElementLocation.java:165)
at org.openqa.selenium.remote.ElementLocation.findElement(ElementLocation.java:59)
at org.openqa.selenium.remote.RemoteWebDriver.findElement(RemoteWebDriver.java:367)
at org.openqa.selenium.remote.RemoteWebDriver.findElement(RemoteWebDriver.java:361)
at org.openqa.selenium.support.pagefactory.DefaultElementLocator.findElement(DefaultElementLocator.java:68)
at org.openqa.selenium.support.pagefactory.internal.LocatingElementHandler.invoke(LocatingElementHandler.java:38)
at jdk.proxy2/jdk.proxy2.$Proxy9.getWrappedElement(Unknown Source)
at org.openqa.selenium.remote.WebElementToJsonConverter.apply(WebElementToJsonConverter.java:48)
at org.openqa.selenium.remote.RemoteWebDriver$RemoteTargetLocator.frame(RemoteWebDriver.java:1117)
at org.openqa.selenium.support.ui.ExpectedConditions$19.apply(ExpectedConditions.java:545)
at org.openqa.selenium.support.ui.ExpectedConditions$19.apply(ExpectedConditions.java:541)
at org.openqa.selenium.support.ui.FluentWait.until(FluentWait.java:203)
... 32 more
]]>
            </full-stacktrace>
          </exception> <!-- org.openqa.selenium.TimeoutException -->
          <reporter-output>
            <line>
              <![CDATA[Moved to Accounts and List...]]>
            </line>
            <line>
              <![CDATA[Clicked on Sign In button...]]>
            </line>
            <line>
              <![CDATA[Mobile number entered...]]>
            </line>
            <line>
              <![CDATA[Clicked on Continue button...]]>
            </line>
            <line>
              <![CDATA[Password entered...]]>
            </line>
            <line>
              <![CDATA[Clicked on Sign In button...]]>
            </line>
            <line>
              <![CDATA[Searched for product xiaomi...]]>
            </line>
            <line>
              <![CDATA[Clicked on 1st product from search result...]]>
            </line>
            <line>
              <![CDATA[Clicked on Proceed To Buy button...]]>
            </line>
            <line>
              <![CDATA[Clicked on the Card Radio Button...]]>
            </line>
            <line>
              <![CDATA[Clicked on the Add New Card Link...]]>
            </line>
          </reporter-output>
        </test-method> <!-- verifyCheckoutProcess -->
        <test-method is-config="true" signature="tearDown()[pri:0, instance:com.demo.amazon.ProjectAmazon.AmzAddToCartToPayment@dd8ba08]" started-at="2025-09-19T21:06:16 IST" name="tearDown" finished-at="2025-09-19T21:06:16 IST" duration-ms="565" status="PASS">
          <reporter-output>
          </reporter-output>
        </test-method> <!-- tearDown -->
      </class> <!-- com.demo.amazon.ProjectAmazon.AmzAddToCartToPayment -->
    </test> <!-- Amazon AddToCart-Checkout -->
  </suite> <!-- Amazon Suite -->
</testng-results>
